Arbiter-Android-master(OpenGDS solution)/Arbiter-Android/app/build/outputs/logs/manifest-merger-debug-report.txt
-- Merging decision tree log ---
manifest
ADDED from src/main/AndroidManifest.xml:2:1-63:12
INJECTED from src/main/AndroidManifest.xml:2:1-63:12
INJECTED from src/main/AndroidManifest.xml:2:1-63:12
INJECTED from src/main/AndroidManifest.xml:2:1-63:12
INJECTED from src/main/AndroidManifest.xml:2:1-63:12
INJECTED from src/main/AndroidManifest.xml:2:1-63:12
INJECTED from src/main/AndroidManifest.xml:2:1-63:12
	package
		ADDED from src/main/AndroidManifest.xml:3:5-38
		INJECTED from src/main/AndroidManifest.xml
		INJECTED from src/main/AndroidManifest.xml
	android:versionName
		ADDED from src/main/AndroidManifest.xml:5:5-30
		INJECTED from src/main/AndroidManifest.xml
		INJECTED from src/main/AndroidManifest.xml
	xmlns:android
		ADDED from src/main/AndroidManifest.xml:2:11-69
	android:versionCode
		ADDED from src/main/AndroidManifest.xml:4:5-28
		INJECTED from src/main/AndroidManifest.xml
		INJECTED from src/main/AndroidManifest.xml
uses-sdk
ADDED from src/main/AndroidManifest.xml:7:5-9:41
INJECTED from src/main/AndroidManifest.xml:7:5-9:41
INJECTED from src/main/AndroidManifest.xml:7:5-9:41
INJECTED from src/main/AndroidManifest.xml:7:5-9:41
INJECTED from src/main/AndroidManifest.xml:7:5-9:41
	android:targetSdkVersion
		ADDED from src/main/AndroidManifest.xml:9:9-38
		INJECTED from src/main/AndroidManifest.xml
		INJECTED from src/main/AndroidManifest.xml
	android:minSdkVersion
		ADDED from src/main/AndroidManifest.xml:8:9-35
		INJECTED from src/main/AndroidManifest.xml
		INJECTED from src/main/AndroidManifest.xml
uses-permission#android.permission.INTERNET
ADDED from src/main/AndroidManifest.xml:11:5-67
	android:name
		ADDED from src/main/AndroidManifest.xml:11:22-64
uses-permission#android.permission.ACCESS_COARSE_LOCATION
ADDED from src/main/AndroidManifest.xml:12:5-81
	android:name
		ADDED from src/main/AndroidManifest.xml:12:22-78
uses-permission#android.permission.ACCESS_FINE_LOCATION
ADDED from src/main/AndroidManifest.xml:13:5-79
	android:name
		ADDED from src/main/AndroidManifest.xml:13:22-76
uses-permission#android.permission.WRITE_EXTERNAL_STORAGE
ADDED from src/main/AndroidManifest.xml:14:5-81
	android:name
		ADDED from src/main/AndroidManifest.xml:14:22-78
uses-permission#android.permission.ACCESS_NETWORK_STATE
ADDED from src/main/AndroidManifest.xml:15:5-79
	android:name
		ADDED from src/main/AndroidManifest.xml:15:22-76
uses-permission#android.permission.CAMERA
ADDED from src/main/AndroidManifest.xml:16:5-65
	android:name
		ADDED from src/main/AndroidManifest.xml:16:22-62
uses-permission#android.permission.READ_EXTERNAL_STORAGE
ADDED from src/main/AndroidManifest.xml:17:5-79
	android:name
		ADDED from src/main/AndroidManifest.xml:17:22-77
uses-feature#android.hardware.camera
ADDED from src/main/AndroidManifest.xml:19:5-85
	android:required
		ADDED from src/main/AndroidManifest.xml:19:58-82
	android:name
		ADDED from src/main/AndroidManifest.xml:19:19-57
application
ADDED from src/main/AndroidManifest.xml:21:5-61:19
	android:label
		ADDED from src/main/AndroidManifest.xml:25:9-41
	android:largeHeap
		ADDED from src/main/AndroidManifest.xml:23:9-33
	android:icon
		ADDED from src/main/AndroidManifest.xml:24:9-38
	android:allowBackup
		ADDED from src/main/AndroidManifest.xml:22:9-35
	android:theme
		ADDED from src/main/AndroidManifest.xml:26:9-40
activity#com.lmn.Arbiter_Android.Activities.MapActivity
ADDED from src/main/AndroidManifest.xml:28:9-39:20
	android:label
		ADDED from src/main/AndroidManifest.xml:32:13-45
	android:hardwareAccelerated
		ADDED from src/main/AndroidManifest.xml:33:13-47
	android:configChanges
		ADDED from src/main/AndroidManifest.xml:30:13-59
	android:icon
		ADDED from src/main/AndroidManifest.xml:31:13-42
	android:name
		ADDED from src/main/AndroidManifest.xml:29:13-74
intent-filter#action:name:android.intent.action.MAIN+category:name:android.intent.category.LAUNCHER
ADDED from src/main/AndroidManifest.xml:34:13-38:29
action#android.intent.action.MAIN
ADDED from src/main/AndroidManifest.xml:35:17-69
	android:name
		ADDED from src/main/AndroidManifest.xml:35:25-66
category#android.intent.category.LAUNCHER
ADDED from src/main/AndroidManifest.xml:37:17-77
	android:name
		ADDED from src/main/AndroidManifest.xml:37:27-74
activity#com.lmn.Arbiter_Android.Activities.ProjectsActivity
ADDED from src/main/AndroidManifest.xml:41:9-47:20
	android:label
		ADDED from src/main/AndroidManifest.xml:45:13-45
	android:configChanges
		ADDED from src/main/AndroidManifest.xml:43:13-59
	android:icon
		ADDED from src/main/AndroidManifest.xml:44:13-42
	android:name
		ADDED from src/main/AndroidManifest.xml:42:13-79
activity#com.lmn.Arbiter_Android.Activities.AOIActivity
ADDED from src/main/AndroidManifest.xml:48:9-53:20
	android:label
		ADDED from src/main/AndroidManifest.xml:50:13-45
	android:configChanges
		ADDED from src/main/AndroidManifest.xml:52:13-59
	android:icon
		ADDED from src/main/AndroidManifest.xml:51:13-42
	android:name
		ADDED from src/main/AndroidManifest.xml:49:13-74
activity#com.lmn.Arbiter_Android.Activities.NotificationsActivity
ADDED from src/main/AndroidManifest.xml:54:9-59:20
	android:label
		ADDED from src/main/AndroidManifest.xml:56:13-45
	android:configChanges
		ADDED from src/main/AndroidManifest.xml:58:13-59
	android:icon
		ADDED from src/main/AndroidManifest.xml:57:13-42
	android:name
		ADDED from src/main/AndroidManifest.xml:55:13-84